<?xml version="1.0" encoding="UTF-8"?>
<testsuite xmlns:xsi="http://www.w3.org/2001/XMLSchema-instance" xsi:noNamespaceSchemaLocation="https://maven.apache.org/surefire/maven-surefire-plugin/xsd/surefire-test-report.xsd" version="3.0.2" name="TestSuite" time="110.793" tests="6" errors="0" skipped="1" failures="1">
  <properties>
    <property name="java.specification.version" value="22"/>
    <property name="webdriver.chrome.driver" value="/Users/adhishgurjar/.cache/selenium/chromedriver/mac-arm64/138.0.7204.168/chromedriver"/>
    <property name="sun.jnu.encoding" value="UTF-8"/>
    <property name="java.class.path" value="/Users/adhishgurjar/eclipse-workspace/SeleniumFrameworkDesign/target/test-classes:/Users/adhishgurjar/eclipse-workspace/SeleniumFrameworkDesign/target/classes:/Users/adhishgurjar/.m2/repository/junit/junit/3.8.1/junit-3.8.1.jar:/Users/adhishgurjar/.m2/repository/io/cucumber/cucumber-java/7.26.0/cucumber-java-7.26.0.jar:/Users/adhishgurjar/.m2/repository/io/cucumber/cucumber-core/7.26.0/cucumber-core-7.26.0.jar:/Users/adhishgurjar/.m2/repository/io/cucumber/cucumber-gherkin/7.26.0/cucumber-gherkin-7.26.0.jar:/Users/adhishgurjar/.m2/repository/io/cucumber/cucumber-gherkin-messages/7.26.0/cucumber-gherkin-messages-7.26.0.jar:/Users/adhishgurjar/.m2/repository/io/cucumber/gherkin/33.0.0/gherkin-33.0.0.jar:/Users/adhishgurjar/.m2/repository/io/cucumber/messages/28.0.0/messages-28.0.0.jar:/Users/adhishgurjar/.m2/repository/io/cucumber/pretty-formatter/0.3.0/pretty-formatter-0.3.0.jar:/Users/adhishgurjar/.m2/repository/io/cucumber/query/13.5.0/query-13.5.0.jar:/Users/adhishgurjar/.m2/repository/io/cucumber/testng-xml-formatter/0.4.0/testng-xml-formatter-0.4.0.jar:/Users/adhishgurjar/.m2/repository/io/cucumber/tag-expressions/6.1.2/tag-expressions-6.1.2.jar:/Users/adhishgurjar/.m2/repository/io/cucumber/cucumber-expressions/18.0.1/cucumber-expressions-18.0.1.jar:/Users/adhishgurjar/.m2/repository/io/cucumber/datatable/7.26.0/datatable-7.26.0.jar:/Users/adhishgurjar/.m2/repository/io/cucumber/cucumber-plugin/7.26.0/cucumber-plugin-7.26.0.jar:/Users/adhishgurjar/.m2/repository/io/cucumber/docstring/7.26.0/docstring-7.26.0.jar:/Users/adhishgurjar/.m2/repository/io/cucumber/html-formatter/21.13.0/html-formatter-21.13.0.jar:/Users/adhishgurjar/.m2/repository/io/cucumber/junit-xml-formatter/0.8.0/junit-xml-formatter-0.8.0.jar:/Users/adhishgurjar/.m2/repository/io/cucumber/ci-environment/10.0.1/ci-environment-10.0.1.jar:/Users/adhishgurjar/.m2/repository/org/apiguardian/apiguardian-api/1.1.2/apiguardian-api-1.1.2.jar:/Users/adhishgurjar/.m2/repository/com/aventstack/extentreports/5.1.2/extentreports-5.1.2.jar:/Users/adhishgurjar/.m2/repository/io/reactivex/rxjava3/rxjava/3.1.6/rxjava-3.1.6.jar:/Users/adhishgurjar/.m2/repository/org/reactivestreams/reactive-streams/1.0.4/reactive-streams-1.0.4.jar:/Users/adhishgurjar/.m2/repository/org/freemarker/freemarker/2.3.32/freemarker-2.3.32.jar:/Users/adhishgurjar/.m2/repository/org/projectlombok/lombok/1.18.26/lombok-1.18.26.jar:/Users/adhishgurjar/.m2/repository/com/google/code/gson/gson/2.10.1/gson-2.10.1.jar:/Users/adhishgurjar/.m2/repository/org/seleniumhq/selenium/selenium-java/4.34.0/selenium-java-4.34.0.jar:/Users/adhishgurjar/.m2/repository/org/seleniumhq/selenium/selenium-api/4.34.0/selenium-api-4.34.0.jar:/Users/adhishgurjar/.m2/repository/org/jspecify/jspecify/1.0.0/jspecify-1.0.0.jar:/Users/adhishgurjar/.m2/repository/org/seleniumhq/selenium/selenium-chrome-driver/4.34.0/selenium-chrome-driver-4.34.0.jar:/Users/adhishgurjar/.m2/repository/com/google/auto/service/auto-service-annotations/1.1.1/auto-service-annotations-1.1.1.jar:/Users/adhishgurjar/.m2/repository/org/seleniumhq/selenium/selenium-chromium-driver/4.34.0/selenium-chromium-driver-4.34.0.jar:/Users/adhishgurjar/.m2/repository/org/seleniumhq/selenium/selenium-json/4.34.0/selenium-json-4.34.0.jar:/Users/adhishgurjar/.m2/repository/org/seleniumhq/selenium/selenium-manager/4.34.0/selenium-manager-4.34.0.jar:/Users/adhishgurjar/.m2/repository/org/seleniumhq/selenium/selenium-devtools-v136/4.34.0/selenium-devtools-v136-4.34.0.jar:/Users/adhishgurjar/.m2/repository/org/seleniumhq/selenium/selenium-devtools-v137/4.34.0/selenium-devtools-v137-4.34.0.jar:/Users/adhishgurjar/.m2/repository/org/seleniumhq/selenium/selenium-devtools-v138/4.34.0/selenium-devtools-v138-4.34.0.jar:/Users/adhishgurjar/.m2/repository/org/seleniumhq/selenium/selenium-edge-driver/4.34.0/selenium-edge-driver-4.34.0.jar:/Users/adhishgurjar/.m2/repository/org/seleniumhq/selenium/selenium-firefox-driver/4.34.0/selenium-firefox-driver-4.34.0.jar:/Users/adhishgurjar/.m2/repository/org/seleniumhq/selenium/selenium-http/4.34.0/selenium-http-4.34.0.jar:/Users/adhishgurjar/.m2/repository/org/seleniumhq/selenium/selenium-ie-driver/4.34.0/selenium-ie-driver-4.34.0.jar:/Users/adhishgurjar/.m2/repository/org/seleniumhq/selenium/selenium-remote-driver/4.34.0/selenium-remote-driver-4.34.0.jar:/Users/adhishgurjar/.m2/repository/com/google/guava/guava/33.4.8-jre/guava-33.4.8-jre.jar:/Users/adhishgurjar/.m2/repository/com/google/guava/failureaccess/1.0.3/failureaccess-1.0.3.jar:/Users/adhishgurjar/.m2/repository/com/google/guava/listenablefuture/9999.0-empty-to-avoid-conflict-with-guava/listenablefuture-9999.0-empty-to-avoid-conflict-with-guava.jar:/Users/adhishgurjar/.m2/repository/com/google/errorprone/error_prone_annotations/2.36.0/error_prone_annotations-2.36.0.jar:/Users/adhishgurjar/.m2/repository/com/google/j2objc/j2objc-annotations/3.0.0/j2objc-annotations-3.0.0.jar:/Users/adhishgurjar/.m2/repository/io/opentelemetry/opentelemetry-api/1.51.0/opentelemetry-api-1.51.0.jar:/Users/adhishgurjar/.m2/repository/io/opentelemetry/opentelemetry-context/1.51.0/opentelemetry-context-1.51.0.jar:/Users/adhishgurjar/.m2/repository/io/opentelemetry/opentelemetry-exporter-logging/1.51.0/opentelemetry-exporter-logging-1.51.0.jar:/Users/adhishgurjar/.m2/repository/io/opentelemetry/opentelemetry-sdk-common/1.51.0/opentelemetry-sdk-common-1.51.0.jar:/Users/adhishgurjar/.m2/repository/io/opentelemetry/opentelemetry-sdk-extension-autoconfigure-spi/1.51.0/opentelemetry-sdk-extension-autoconfigure-spi-1.51.0.jar:/Users/adhishgurjar/.m2/repository/io/opentelemetry/opentelemetry-sdk-extension-autoconfigure/1.51.0/opentelemetry-sdk-extension-autoconfigure-1.51.0.jar:/Users/adhishgurjar/.m2/repository/io/opentelemetry/opentelemetry-sdk-trace/1.51.0/opentelemetry-sdk-trace-1.51.0.jar:/Users/adhishgurjar/.m2/repository/io/opentelemetry/opentelemetry-sdk/1.51.0/opentelemetry-sdk-1.51.0.jar:/Users/adhishgurjar/.m2/repository/io/opentelemetry/opentelemetry-sdk-metrics/1.51.0/opentelemetry-sdk-metrics-1.51.0.jar:/Users/adhishgurjar/.m2/repository/io/opentelemetry/opentelemetry-sdk-logs/1.51.0/opentelemetry-sdk-logs-1.51.0.jar:/Users/adhishgurjar/.m2/repository/net/bytebuddy/byte-buddy/1.17.6/byte-buddy-1.17.6.jar:/Users/adhishgurjar/.m2/repository/org/seleniumhq/selenium/selenium-os/4.34.0/selenium-os-4.34.0.jar:/Users/adhishgurjar/.m2/repository/org/apache/commons/commons-exec/1.5.0/commons-exec-1.5.0.jar:/Users/adhishgurjar/.m2/repository/org/seleniumhq/selenium/selenium-safari-driver/4.34.0/selenium-safari-driver-4.34.0.jar:/Users/adhishgurjar/.m2/repository/org/seleniumhq/selenium/selenium-support/4.34.0/selenium-support-4.34.0.jar:/Users/adhishgurjar/.m2/repository/org/testng/testng/7.11.0/testng-7.11.0.jar:/Users/adhishgurjar/.m2/repository/org/slf4j/slf4j-api/2.0.16/slf4j-api-2.0.16.jar:/Users/adhishgurjar/.m2/repository/org/jcommander/jcommander/1.83/jcommander-1.83.jar:/Users/adhishgurjar/.m2/repository/org/webjars/jquery/3.7.1/jquery-3.7.1.jar:/Users/adhishgurjar/.m2/repository/io/github/bonigarcia/webdrivermanager/6.2.0/webdrivermanager-6.2.0.jar:/Users/adhishgurjar/.m2/repository/com/github/docker-java/docker-java/3.5.3/docker-java-3.5.3.jar:/Users/adhishgurjar/.m2/repository/com/github/docker-java/docker-java-core/3.5.3/docker-java-core-3.5.3.jar:/Users/adhishgurjar/.m2/repository/com/github/docker-java/docker-java-api/3.5.3/docker-java-api-3.5.3.jar:/Users/adhishgurjar/.m2/repository/org/slf4j/jcl-over-slf4j/1.7.30/jcl-over-slf4j-1.7.30.jar:/Users/adhishgurjar/.m2/repository/com/github/docker-java/docker-java-transport-httpclient5/3.5.3/docker-java-transport-httpclient5-3.5.3.jar:/Users/adhishgurjar/.m2/repository/com/github/docker-java/docker-java-transport/3.5.3/docker-java-transport-3.5.3.jar:/Users/adhishgurjar/.m2/repository/net/java/dev/jna/jna/5.17.0/jna-5.17.0.jar:/Users/adhishgurjar/.m2/repository/org/brotli/dec/0.1.2/dec-0.1.2.jar:/Users/adhishgurjar/.m2/repository/org/apache/commons/commons-lang3/3.18.0/commons-lang3-3.18.0.jar:/Users/adhishgurjar/.m2/repository/org/apache/commons/commons-compress/1.27.1/commons-compress-1.27.1.jar:/Users/adhishgurjar/.m2/repository/commons-codec/commons-codec/1.17.1/commons-codec-1.17.1.jar:/Users/adhishgurjar/.m2/repository/commons-io/commons-io/2.16.1/commons-io-2.16.1.jar:/Users/adhishgurjar/.m2/repository/org/apache/httpcomponents/client5/httpclient5/5.4.3/httpclient5-5.4.3.jar:/Users/adhishgurjar/.m2/repository/org/apache/httpcomponents/core5/httpcore5/5.3.4/httpcore5-5.3.4.jar:/Users/adhishgurjar/.m2/repository/org/apache/httpcomponents/core5/httpcore5-h2/5.3.4/httpcore5-h2-5.3.4.jar:/Users/adhishgurjar/.m2/repository/net/java/dev/jna/jna-platform/5.17.0/jna-platform-5.17.0.jar:/Users/adhishgurjar/.m2/repository/Introduction/Introduction/0.0.1-SNAPSHOT/Introduction-0.0.1-SNAPSHOT.jar:/Users/adhishgurjar/.m2/repository/com/fasterxml/jackson/core/jackson-databind/2.19.1/jackson-databind-2.19.1.jar:/Users/adhishgurjar/.m2/repository/com/fasterxml/jackson/core/jackson-annotations/2.19.1/jackson-annotations-2.19.1.jar:/Users/adhishgurjar/.m2/repository/com/fasterxml/jackson/core/jackson-core/2.19.1/jackson-core-2.19.1.jar:/Users/adhishgurjar/.m2/repository/io/cucumber/cucumber-testng/7.26.0/cucumber-testng-7.26.0.jar:"/>
    <property name="java.vm.vendor" value="Oracle Corporation"/>
    <property name="sun.arch.data.model" value="64"/>
    <property name="java.vendor.url" value="https://java.oracle.com/"/>
    <property name="user.timezone" value="Asia/Kolkata"/>
    <property name="os.name" value="Mac OS X"/>
    <property name="java.vm.specification.version" value="22"/>
    <property name="sun.java.launcher" value="SUN_STANDARD"/>
    <property name="user.country" value="GB"/>
    <property name="sun.boot.library.path" value="/Library/Java/JavaVirtualMachines/jdk-22.jdk/Contents/Home/lib"/>
    <property name="sun.java.command" value="/Users/adhishgurjar/eclipse-workspace/SeleniumFrameworkDesign/target/surefire/surefirebooter-20250729144753973_3.jar /Users/adhishgurjar/eclipse-workspace/SeleniumFrameworkDesign/target/surefire 2025-07-29T14-47-53_916-jvmRun1 surefire-20250729144753973_1tmp surefire_0-20250729144753973_2tmp"/>
    <property name="http.nonProxyHosts" value="local|*.local|169.254/16|*.169.254/16"/>
    <property name="jdk.debug" value="release"/>
    <property name="surefire.test.class.path" value="/Users/adhishgurjar/eclipse-workspace/SeleniumFrameworkDesign/target/test-classes:/Users/adhishgurjar/eclipse-workspace/SeleniumFrameworkDesign/target/classes:/Users/adhishgurjar/.m2/repository/junit/junit/3.8.1/junit-3.8.1.jar:/Users/adhishgurjar/.m2/repository/io/cucumber/cucumber-java/7.26.0/cucumber-java-7.26.0.jar:/Users/adhishgurjar/.m2/repository/io/cucumber/cucumber-core/7.26.0/cucumber-core-7.26.0.jar:/Users/adhishgurjar/.m2/repository/io/cucumber/cucumber-gherkin/7.26.0/cucumber-gherkin-7.26.0.jar:/Users/adhishgurjar/.m2/repository/io/cucumber/cucumber-gherkin-messages/7.26.0/cucumber-gherkin-messages-7.26.0.jar:/Users/adhishgurjar/.m2/repository/io/cucumber/gherkin/33.0.0/gherkin-33.0.0.jar:/Users/adhishgurjar/.m2/repository/io/cucumber/messages/28.0.0/messages-28.0.0.jar:/Users/adhishgurjar/.m2/repository/io/cucumber/pretty-formatter/0.3.0/pretty-formatter-0.3.0.jar:/Users/adhishgurjar/.m2/repository/io/cucumber/query/13.5.0/query-13.5.0.jar:/Users/adhishgurjar/.m2/repository/io/cucumber/testng-xml-formatter/0.4.0/testng-xml-formatter-0.4.0.jar:/Users/adhishgurjar/.m2/repository/io/cucumber/tag-expressions/6.1.2/tag-expressions-6.1.2.jar:/Users/adhishgurjar/.m2/repository/io/cucumber/cucumber-expressions/18.0.1/cucumber-expressions-18.0.1.jar:/Users/adhishgurjar/.m2/repository/io/cucumber/datatable/7.26.0/datatable-7.26.0.jar:/Users/adhishgurjar/.m2/repository/io/cucumber/cucumber-plugin/7.26.0/cucumber-plugin-7.26.0.jar:/Users/adhishgurjar/.m2/repository/io/cucumber/docstring/7.26.0/docstring-7.26.0.jar:/Users/adhishgurjar/.m2/repository/io/cucumber/html-formatter/21.13.0/html-formatter-21.13.0.jar:/Users/adhishgurjar/.m2/repository/io/cucumber/junit-xml-formatter/0.8.0/junit-xml-formatter-0.8.0.jar:/Users/adhishgurjar/.m2/repository/io/cucumber/ci-environment/10.0.1/ci-environment-10.0.1.jar:/Users/adhishgurjar/.m2/repository/org/apiguardian/apiguardian-api/1.1.2/apiguardian-api-1.1.2.jar:/Users/adhishgurjar/.m2/repository/com/aventstack/extentreports/5.1.2/extentreports-5.1.2.jar:/Users/adhishgurjar/.m2/repository/io/reactivex/rxjava3/rxjava/3.1.6/rxjava-3.1.6.jar:/Users/adhishgurjar/.m2/repository/org/reactivestreams/reactive-streams/1.0.4/reactive-streams-1.0.4.jar:/Users/adhishgurjar/.m2/repository/org/freemarker/freemarker/2.3.32/freemarker-2.3.32.jar:/Users/adhishgurjar/.m2/repository/org/projectlombok/lombok/1.18.26/lombok-1.18.26.jar:/Users/adhishgurjar/.m2/repository/com/google/code/gson/gson/2.10.1/gson-2.10.1.jar:/Users/adhishgurjar/.m2/repository/org/seleniumhq/selenium/selenium-java/4.34.0/selenium-java-4.34.0.jar:/Users/adhishgurjar/.m2/repository/org/seleniumhq/selenium/selenium-api/4.34.0/selenium-api-4.34.0.jar:/Users/adhishgurjar/.m2/repository/org/jspecify/jspecify/1.0.0/jspecify-1.0.0.jar:/Users/adhishgurjar/.m2/repository/org/seleniumhq/selenium/selenium-chrome-driver/4.34.0/selenium-chrome-driver-4.34.0.jar:/Users/adhishgurjar/.m2/repository/com/google/auto/service/auto-service-annotations/1.1.1/auto-service-annotations-1.1.1.jar:/Users/adhishgurjar/.m2/repository/org/seleniumhq/selenium/selenium-chromium-driver/4.34.0/selenium-chromium-driver-4.34.0.jar:/Users/adhishgurjar/.m2/repository/org/seleniumhq/selenium/selenium-json/4.34.0/selenium-json-4.34.0.jar:/Users/adhishgurjar/.m2/repository/org/seleniumhq/selenium/selenium-manager/4.34.0/selenium-manager-4.34.0.jar:/Users/adhishgurjar/.m2/repository/org/seleniumhq/selenium/selenium-devtools-v136/4.34.0/selenium-devtools-v136-4.34.0.jar:/Users/adhishgurjar/.m2/repository/org/seleniumhq/selenium/selenium-devtools-v137/4.34.0/selenium-devtools-v137-4.34.0.jar:/Users/adhishgurjar/.m2/repository/org/seleniumhq/selenium/selenium-devtools-v138/4.34.0/selenium-devtools-v138-4.34.0.jar:/Users/adhishgurjar/.m2/repository/org/seleniumhq/selenium/selenium-edge-driver/4.34.0/selenium-edge-driver-4.34.0.jar:/Users/adhishgurjar/.m2/repository/org/seleniumhq/selenium/selenium-firefox-driver/4.34.0/selenium-firefox-driver-4.34.0.jar:/Users/adhishgurjar/.m2/repository/org/seleniumhq/selenium/selenium-http/4.34.0/selenium-http-4.34.0.jar:/Users/adhishgurjar/.m2/repository/org/seleniumhq/selenium/selenium-ie-driver/4.34.0/selenium-ie-driver-4.34.0.jar:/Users/adhishgurjar/.m2/repository/org/seleniumhq/selenium/selenium-remote-driver/4.34.0/selenium-remote-driver-4.34.0.jar:/Users/adhishgurjar/.m2/repository/com/google/guava/guava/33.4.8-jre/guava-33.4.8-jre.jar:/Users/adhishgurjar/.m2/repository/com/google/guava/failureaccess/1.0.3/failureaccess-1.0.3.jar:/Users/adhishgurjar/.m2/repository/com/google/guava/listenablefuture/9999.0-empty-to-avoid-conflict-with-guava/listenablefuture-9999.0-empty-to-avoid-conflict-with-guava.jar:/Users/adhishgurjar/.m2/repository/com/google/errorprone/error_prone_annotations/2.36.0/error_prone_annotations-2.36.0.jar:/Users/adhishgurjar/.m2/repository/com/google/j2objc/j2objc-annotations/3.0.0/j2objc-annotations-3.0.0.jar:/Users/adhishgurjar/.m2/repository/io/opentelemetry/opentelemetry-api/1.51.0/opentelemetry-api-1.51.0.jar:/Users/adhishgurjar/.m2/repository/io/opentelemetry/opentelemetry-context/1.51.0/opentelemetry-context-1.51.0.jar:/Users/adhishgurjar/.m2/repository/io/opentelemetry/opentelemetry-exporter-logging/1.51.0/opentelemetry-exporter-logging-1.51.0.jar:/Users/adhishgurjar/.m2/repository/io/opentelemetry/opentelemetry-sdk-common/1.51.0/opentelemetry-sdk-common-1.51.0.jar:/Users/adhishgurjar/.m2/repository/io/opentelemetry/opentelemetry-sdk-extension-autoconfigure-spi/1.51.0/opentelemetry-sdk-extension-autoconfigure-spi-1.51.0.jar:/Users/adhishgurjar/.m2/repository/io/opentelemetry/opentelemetry-sdk-extension-autoconfigure/1.51.0/opentelemetry-sdk-extension-autoconfigure-1.51.0.jar:/Users/adhishgurjar/.m2/repository/io/opentelemetry/opentelemetry-sdk-trace/1.51.0/opentelemetry-sdk-trace-1.51.0.jar:/Users/adhishgurjar/.m2/repository/io/opentelemetry/opentelemetry-sdk/1.51.0/opentelemetry-sdk-1.51.0.jar:/Users/adhishgurjar/.m2/repository/io/opentelemetry/opentelemetry-sdk-metrics/1.51.0/opentelemetry-sdk-metrics-1.51.0.jar:/Users/adhishgurjar/.m2/repository/io/opentelemetry/opentelemetry-sdk-logs/1.51.0/opentelemetry-sdk-logs-1.51.0.jar:/Users/adhishgurjar/.m2/repository/net/bytebuddy/byte-buddy/1.17.6/byte-buddy-1.17.6.jar:/Users/adhishgurjar/.m2/repository/org/seleniumhq/selenium/selenium-os/4.34.0/selenium-os-4.34.0.jar:/Users/adhishgurjar/.m2/repository/org/apache/commons/commons-exec/1.5.0/commons-exec-1.5.0.jar:/Users/adhishgurjar/.m2/repository/org/seleniumhq/selenium/selenium-safari-driver/4.34.0/selenium-safari-driver-4.34.0.jar:/Users/adhishgurjar/.m2/repository/org/seleniumhq/selenium/selenium-support/4.34.0/selenium-support-4.34.0.jar:/Users/adhishgurjar/.m2/repository/org/testng/testng/7.11.0/testng-7.11.0.jar:/Users/adhishgurjar/.m2/repository/org/slf4j/slf4j-api/2.0.16/slf4j-api-2.0.16.jar:/Users/adhishgurjar/.m2/repository/org/jcommander/jcommander/1.83/jcommander-1.83.jar:/Users/adhishgurjar/.m2/repository/org/webjars/jquery/3.7.1/jquery-3.7.1.jar:/Users/adhishgurjar/.m2/repository/io/github/bonigarcia/webdrivermanager/6.2.0/webdrivermanager-6.2.0.jar:/Users/adhishgurjar/.m2/repository/com/github/docker-java/docker-java/3.5.3/docker-java-3.5.3.jar:/Users/adhishgurjar/.m2/repository/com/github/docker-java/docker-java-core/3.5.3/docker-java-core-3.5.3.jar:/Users/adhishgurjar/.m2/repository/com/github/docker-java/docker-java-api/3.5.3/docker-java-api-3.5.3.jar:/Users/adhishgurjar/.m2/repository/org/slf4j/jcl-over-slf4j/1.7.30/jcl-over-slf4j-1.7.30.jar:/Users/adhishgurjar/.m2/repository/com/github/docker-java/docker-java-transport-httpclient5/3.5.3/docker-java-transport-httpclient5-3.5.3.jar:/Users/adhishgurjar/.m2/repository/com/github/docker-java/docker-java-transport/3.5.3/docker-java-transport-3.5.3.jar:/Users/adhishgurjar/.m2/repository/net/java/dev/jna/jna/5.17.0/jna-5.17.0.jar:/Users/adhishgurjar/.m2/repository/org/brotli/dec/0.1.2/dec-0.1.2.jar:/Users/adhishgurjar/.m2/repository/org/apache/commons/commons-lang3/3.18.0/commons-lang3-3.18.0.jar:/Users/adhishgurjar/.m2/repository/org/apache/commons/commons-compress/1.27.1/commons-compress-1.27.1.jar:/Users/adhishgurjar/.m2/repository/commons-codec/commons-codec/1.17.1/commons-codec-1.17.1.jar:/Users/adhishgurjar/.m2/repository/commons-io/commons-io/2.16.1/commons-io-2.16.1.jar:/Users/adhishgurjar/.m2/repository/org/apache/httpcomponents/client5/httpclient5/5.4.3/httpclient5-5.4.3.jar:/Users/adhishgurjar/.m2/repository/org/apache/httpcomponents/core5/httpcore5/5.3.4/httpcore5-5.3.4.jar:/Users/adhishgurjar/.m2/repository/org/apache/httpcomponents/core5/httpcore5-h2/5.3.4/httpcore5-h2-5.3.4.jar:/Users/adhishgurjar/.m2/repository/net/java/dev/jna/jna-platform/5.17.0/jna-platform-5.17.0.jar:/Users/adhishgurjar/.m2/repository/Introduction/Introduction/0.0.1-SNAPSHOT/Introduction-0.0.1-SNAPSHOT.jar:/Users/adhishgurjar/.m2/repository/com/fasterxml/jackson/core/jackson-databind/2.19.1/jackson-databind-2.19.1.jar:/Users/adhishgurjar/.m2/repository/com/fasterxml/jackson/core/jackson-annotations/2.19.1/jackson-annotations-2.19.1.jar:/Users/adhishgurjar/.m2/repository/com/fasterxml/jackson/core/jackson-core/2.19.1/jackson-core-2.19.1.jar:/Users/adhishgurjar/.m2/repository/io/cucumber/cucumber-testng/7.26.0/cucumber-testng-7.26.0.jar:"/>
    <property name="sun.cpu.endian" value="little"/>
    <property name="user.home" value="/Users/adhishgurjar"/>
    <property name="user.language" value="en"/>
    <property name="java.specification.vendor" value="Oracle Corporation"/>
    <property name="java.version.date" value="2024-03-19"/>
    <property name="java.home" value="/Library/Java/JavaVirtualMachines/jdk-22.jdk/Contents/Home"/>
    <property name="file.separator" value="/"/>
    <property name="basedir" value="/Users/adhishgurjar/eclipse-workspace/SeleniumFrameworkDesign"/>
    <property name="java.vm.compressedOopsMode" value="Zero based"/>
    <property name="line.separator" value="&#10;"/>
    <property name="java.vm.specification.vendor" value="Oracle Corporation"/>
    <property name="java.specification.name" value="Java Platform API Specification"/>
    <property name="apple.awt.application.name" value="ForkedBooter"/>
    <property name="surefire.real.class.path" value="/Users/adhishgurjar/eclipse-workspace/SeleniumFrameworkDesign/target/surefire/surefirebooter-20250729144753973_3.jar"/>
    <property name="sun.management.compiler" value="HotSpot 64-Bit Tiered Compilers"/>
    <property name="ftp.nonProxyHosts" value="local|*.local|169.254/16|*.169.254/16"/>
    <property name="java.runtime.version" value="22+36-2370"/>
    <property name="user.name" value="adhishgurjar"/>
    <property name="stdout.encoding" value="UTF-8"/>
    <property name="path.separator" value=":"/>
    <property name="os.version" value="15.5"/>
    <property name="java.runtime.name" value="Java(TM) SE Runtime Environment"/>
    <property name="file.encoding" value="UTF-8"/>
    <property name="browser" value="chrome"/>
    <property name="java.vm.name" value="Java HotSpot(TM) 64-Bit Server VM"/>
    <property name="localRepository" value="/Users/adhishgurjar/.m2/repository"/>
    <property name="java.vendor.url.bug" value="https://bugreport.java.com/bugreport/"/>
    <property name="java.io.tmpdir" value="/var/folders/w0/6rs3vw391qs1ntklwnd4dy5c0000gn/T/"/>
    <property name="java.version" value="22"/>
    <property name="user.dir" value="/Users/adhishgurjar/eclipse-workspace/SeleniumFrameworkDesign"/>
    <property name="os.arch" value="aarch64"/>
    <property name="java.vm.specification.name" value="Java Virtual Machine Specification"/>
    <property name="native.encoding" value="UTF-8"/>
    <property name="java.library.path" value="/Users/adhishgurjar/Library/Java/Extensions:/Library/Java/Extensions:/Network/Library/Java/Extensions:/System/Library/Java/Extensions:/usr/lib/java:."/>
    <property name="java.vm.info" value="mixed mode, sharing"/>
    <property name="stderr.encoding" value="UTF-8"/>
    <property name="java.vendor" value="Oracle Corporation"/>
    <property name="java.vm.version" value="22+36-2370"/>
    <property name="sun.io.unicode.encoding" value="UnicodeBig"/>
    <property name="socksNonProxyHosts" value="local|*.local|169.254/16|*.169.254/16"/>
    <property name="java.class.version" value="66.0"/>
    <property name="maven.test.failure.ignore" value="true"/>
  </properties>
  <testcase name="submitOrder[{Product=ADIDAS ORIGINAL, password=Adhish@123, email=adhish16singh@gmail.com}](1)" classname="Tests.SubmitOrderTest" time="24.051">
    <system-out><![CDATA[Report path: /Users/adhishgurjar/eclipse-workspace/SeleniumFrameworkDesign/reports/index.html
🔧 @BeforeMethod: setUp() running
🚀 initializeDriver() CALLED
🖥 Browser selected: chrome
🚀 Test started: Tests.SubmitOrderTest.submitOrder
✅ Test STARTED with data: {password=Adhish@123, Product=ADIDAS ORIGINAL, email=adhish16singh@gmail.com}
🌐 launchApplication() CALLED
⚠️ Element click intercepted. Retrying with JS click.
🔎 Checking if product exists in the cart: ADIDAS ORIGINAL
✅ Clicked on Checkout button
🌏 Selecting country: india
✅ Submitting order...
Confirmation message from page: 'THANKYOU FOR THE ORDER.'
✅ Test passed: submitOrder
]]></system-out>
    <system-err><![CDATA[SLF4J(W): No SLF4J providers were found.
SLF4J(W): Defaulting to no-operation (NOP) logger implementation
SLF4J(W): See https://www.slf4j.org/codes.html#noProviders for further details.
]]></system-err>
  </testcase>
  <testcase name="submitOrder[{Product=ZARA COAT 3, password=Adhish@123, email=adhish16singh@gmail.com}](2)" classname="Tests.SubmitOrderTest" time="34.572">
    <system-out><![CDATA[🛑 Closing browser after test...
🔧 @BeforeMethod: setUp() running
🚀 initializeDriver() CALLED
🖥 Browser selected: chrome
🚀 Test started: Tests.SubmitOrderTest.submitOrder
✅ Test STARTED with data: {password=Adhish@123, Product=ZARA COAT 3, email=adhish16singh@gmail.com}
🌐 launchApplication() CALLED
🛒 Navigated to Cart Page
🔎 Checking if product exists in the cart: ZARA COAT 3
✅ Clicked on Checkout button
🌏 Selecting country: india
✅ Submitting order...
Confirmation message from page: 'THANKYOU FOR THE ORDER.'
✅ Test passed: submitOrder
]]></system-out>
  </testcase>
  <testcase name="OrderHistoryTest" classname="Tests.SubmitOrderTest" time="1.846">
    <system-out><![CDATA[🛑 Closing browser after test...
🔧 @BeforeMethod: setUp() running
🚀 initializeDriver() CALLED
🖥 Browser selected: chrome
🚀 Test started: Tests.SubmitOrderTest.OrderHistoryTest
🌐 launchApplication() CALLED
Navigating to Orders Page...
✅ Test passed: OrderHistoryTest
]]></system-out>
  </testcase>
  <testcase name="ProductErrorValidation" classname="Tests.ErrorValidation" time="31.634">
    <system-out><![CDATA[🛑 Closing browser after test...
🔧 @BeforeMethod: setUp() running
🚀 initializeDriver() CALLED
🖥 Browser selected: chrome
🚀 Test started: Tests.ErrorValidation.ProductErrorValidation
🌐 launchApplication() CALLED
🛒 Navigated to Cart Page
🔎 Checking if product exists in the cart: ZARA COAT 3
✅ Test passed: ProductErrorValidation
]]></system-out>
  </testcase>
  <testcase name="submitOrder" classname="Tests.ErrorValidation" time="0.0">
    <skipped message="expected [Incorrect email or password.] but found [Incorrect emasil or password.]"/>
    <system-out><![CDATA[🛑 Closing browser after test...
🔧 @BeforeMethod: setUp() running
🚀 initializeDriver() CALLED
🖥 Browser selected: chrome
🚀 Test started: Tests.ErrorValidation.submitOrder
🌐 launchApplication() CALLED
Retrying submitOrder for 1 time(s).
]]></system-out>
  </testcase>
  <testcase name="submitOrder" classname="Tests.ErrorValidation" time="3.61">
    <failure message="expected [Incorrect email or password.] but found [Incorrect emasil or password.]" type="java.lang.AssertionError"><![CDATA[java.lang.AssertionError: expected [Incorrect email or password.] but found [Incorrect emasil or password.]
	at org.testng.Assert.fail(Assert.java:111)
	at org.testng.Assert.failNotEquals(Assert.java:1590)
	at org.testng.Assert.assertEqualsImpl(Assert.java:150)
	at org.testng.Assert.assertEquals(Assert.java:132)
	at org.testng.Assert.assertEquals(Assert.java:656)
	at org.testng.Assert.assertEquals(Assert.java:666)
	at Tests.ErrorValidation.submitOrder(ErrorValidation.java:35)
	at java.base/jdk.internal.reflect.DirectMethodHandleAccessor.invoke(DirectMethodHandleAccessor.java:103)
	at java.base/java.lang.reflect.Method.invoke(Method.java:580)
	at org.testng.internal.invokers.MethodInvocationHelper.invokeMethod(MethodInvocationHelper.java:141)
	at org.testng.internal.invokers.TestInvoker.invokeMethod(TestInvoker.java:687)
	at org.testng.internal.invokers.TestInvoker.retryFailed(TestInvoker.java:269)
	at org.testng.internal.invokers.MethodRunner.runInSequence(MethodRunner.java:76)
	at org.testng.internal.invokers.TestInvoker$MethodInvocationAgent.invoke(TestInvoker.java:995)
	at org.testng.internal.invokers.TestInvoker.invokeTestMethods(TestInvoker.java:203)
	at org.testng.internal.invokers.TestMethodWorker.invokeTestMethods(TestMethodWorker.java:154)
	at org.testng.internal.invokers.TestMethodWorker.run(TestMethodWorker.java:134)
	at java.base/java.util.ArrayList.forEach(ArrayList.java:1597)
	at org.testng.TestRunner.privateRun(TestRunner.java:741)
	at org.testng.TestRunner.run(TestRunner.java:616)
	at org.testng.SuiteRunner.runTest(SuiteRunner.java:421)
	at org.testng.SuiteRunner.runSequentially(SuiteRunner.java:413)
	at org.testng.SuiteRunner.privateRun(SuiteRunner.java:373)
	at org.testng.SuiteRunner.run(SuiteRunner.java:312)
	at org.testng.SuiteRunnerWorker.runSuite(SuiteRunnerWorker.java:52)
	at org.testng.SuiteRunnerWorker.run(SuiteRunnerWorker.java:95)
	at org.testng.TestNG.runSuitesSequentially(TestNG.java:1274)
	at org.testng.TestNG.runSuitesLocally(TestNG.java:1208)
	at org.testng.TestNG.runSuites(TestNG.java:1112)
	at org.testng.TestNG.run(TestNG.java:1079)
	at org.apache.maven.surefire.testng.TestNGExecutor.run(TestNGExecutor.java:308)
	at org.apache.maven.surefire.testng.TestNGXmlTestSuite.execute(TestNGXmlTestSuite.java:71)
	at org.apache.maven.surefire.testng.TestNGProvider.invoke(TestNGProvider.java:113)
	at org.apache.maven.surefire.booter.ForkedBooter.runSuitesInProcess(ForkedBooter.java:385)
	at org.apache.maven.surefire.booter.ForkedBooter.execute(ForkedBooter.java:162)
	at org.apache.maven.surefire.booter.ForkedBooter.run(ForkedBooter.java:507)
	at org.apache.maven.surefire.booter.ForkedBooter.main(ForkedBooter.java:495)
]]></failure>
    <system-out><![CDATA[🛑 Closing browser after test...
🔧 @BeforeMethod: setUp() running
🚀 initializeDriver() CALLED
🖥 Browser selected: chrome
🚀 Test started: Tests.ErrorValidation.submitOrder
🌐 launchApplication() CALLED
Marking submitOrder as FAILED after retries.
📸 Screenshot captured for failed test: /Users/adhishgurjar/eclipse-workspace/SeleniumFrameworkDesign/reports/submitOrder.png
]]></system-out>
  </testcase>
</testsuite>