<?xml version="1.0" encoding="UTF-8"?>
<!-- Generated by org.testng.reporters.JUnitReportReporter -->
<testsuite hostname="Adhishs-MacBook-Pro.local" failures="0" tests="1" name="Tests.AppTest" time="0.007" errors="0" timestamp="2025-07-29T12:47:12 IST" skipped="0">
  <testcase classname="Tests.AppTest" name="testApp" time="0.007"/>
</testsuite> <!-- Tests.AppTest -->
