<?xml version="1.0" encoding="UTF-8"?>
<!-- Generated by org.testng.reporters.JUnitReportReporter -->
<testsuite hostname="Adhishs-MacBook-Pro.local" failures="0" tests="1" name="cucumber.TestngTestRunner" time="49.997" errors="0" timestamp="2025-07-29T12:44:07 IST" skipped="0">
  <testcase classname="cucumber.TestngTestRunner" name="runScenario" time="49.997"/>
</testsuite> <!-- cucumber.TestngTestRunner -->
