<?xml version="1.0" encoding="UTF-8"?>
<!-- Generated by org.testng.reporters.JUnitReportReporter -->
<testsuite hostname="Adhishs-MacBook-Pro.local" failures="0" tests="3" name="Tests.SubmitOrderTest" time="64.048" errors="0" timestamp="2025-07-29T13:15:23 IST" skipped="0">
  <testcase classname="Tests.SubmitOrderTest" name="submitOrder" time="35.268"/>
  <testcase classname="Tests.SubmitOrderTest" name="OrderHistoryTest" time="3.777"/>
  <testcase classname="Tests.SubmitOrderTest" name="submitOrder" time="25.003"/>
</testsuite> <!-- Tests.SubmitOrderTest -->
