<?xml version="1.0" encoding="UTF-8"?>
<!-- Generated by org.testng.reporters.JUnitReportReporter -->
<testsuite hostname="Adhishs-MacBook-Pro.local" failures="0" tests="3" name="Tests.SubmitOrderTest" time="67.112" errors="0" timestamp="2025-07-29T14:49:45 IST" skipped="0">
  <testcase classname="Tests.SubmitOrderTest" name="submitOrder" time="27.605"/>
  <testcase classname="Tests.SubmitOrderTest" name="submitOrder" time="36.079"/>
  <testcase classname="Tests.SubmitOrderTest" name="OrderHistoryTest" time="3.428"/>
</testsuite> <!-- Tests.SubmitOrderTest -->
